
                         Lattice Mapping Report File

Design:  top
Family:  iCE40UP
Device:  iCE40UP5K
Package: SG48
Performance Grade:  High-Performance_1.2V

Mapper:    version Radiant Software (64-bit) 2024.1.0.34.2
Mapped on: Thu Dec  5 01:45:59 2024

Design Information
------------------

Command line:   map -pdc C:/Users/jphilion/Desktop/e155-final-project/singleFile
     FPGA/radiant_project/source/impl_1/impl_1.pdc -i
     single_final_project_impl_1_syn.udb -o single_final_project_impl_1_map.udb
     -mp single_final_project_impl_1.mrp -hierrpt -gui -msgset C:/Users/jphilion
     /Desktop/e155-final-project/singleFileFPGA/radiant_project/promote.xml

Design Summary
--------------

   Number of slice registers: 128 out of  5280 (2%)
   Number of I/O registers:      1 out of   117 (1%)
   Number of LUT4s:           461 out of  5280 (9%)
      Number of logic LUT4s:             363
      Number of inserted feedthru LUT4s:  33
      Number of replicated LUT4s:          1
      Number of ripple logic:             32 (64 LUT4s)
   Number of IO sites used:   23 out of 39 (59%)
      Number of IO sites used for general PIO: 23
      Number of IO sites used for I3C: 0 out of 2 (0%)
      (note: If I3C is not used, its site can be used as general PIO)
      Number of IO sites used for PIO+I3C: 23 out of 36 (64%)
      Number of IO sites used for OD+RGB IO buffers: 0 out of 3 (0%)
      (note: If RGB LED drivers are not used, sites can be used as OD outputs,
       see TN1288 iCE40 LED Driver Usage Guide)
      Number of IO sites used for PIO+I3C+OD+RGB: 23 out of 39 (59%)
   Number of DSPs:             0 out of 8 (0%)
   Number of I2Cs:             0 out of 2 (0%)
   Number of High Speed OSCs:  1 out of 1 (100%)
   Number of Low Speed OSCs:   0 out of 1 (0%)
   Number of RGB PWM:          0 out of 1 (0%)
   Number of RGB Drivers:      0 out of 1 (0%)
   Number of SCL FILTERs:      0 out of 2 (0%)
   Number of SRAMs:            0 out of 4 (0%)
   Number of WARMBOOTs:        0 out of 1 (0%)
   Number of SPIs:             0 out of 2 (0%)
   Number of EBRs:             0 out of 30 (0%)
   Number of PLLs:             0 out of 1 (0%)
   Number of Clocks:  3
      Net int_osc: 21 loads, 21 rising, 0 falling (Driver: Pin hf_osc/CLKHF)
      Net clk: 66 loads, 66 rising, 0 falling (Driver: Pin clk_c/Q)
      Net sclk_c: 16 loads, 16 rising, 0 falling (Driver: Port sclk)
   Number of Clock Enables:  5
      Net VCC_net: 1 loads, 0 SLICEs
      Net lcdControllerCall.n1882: 9 loads, 9 SLICEs
      Net lcdControllerCall.n1887: 4 loads, 4 SLICEs
      Net lcdSPICall.n22: 16 loads, 16 SLICEs
      Net lcdSPICall.n3664: 5 loads, 5 SLICEs

                                    Page 1





Design Summary (cont)
---------------------
   Number of LSRs:  6
      Net clk_counter[9]: 6 loads, 6 SLICEs
      Net n81: 13 loads, 13 SLICEs
      Net lcdControllerCall.n1899: 5 loads, 5 SLICEs
      Net lcdControllerCall.n80: 9 loads, 9 SLICEs
      Net lcdControllerCall.lcdfsmCall.n11: 13 loads, 13 SLICEs
      Net lcdSPICall.n4617: 5 loads, 5 SLICEs
   Top 10 highest fanout non-clock nets:
      Net state_fsm[1]: 34 loads
      Net lcdControllerCall.lcdfsmCall.state_fsm[0]_2: 33 loads
      Net state_fsm[2]: 32 loads
      Net state_fsm[3]: 24 loads
      Net state_fsm[4]: 24 loads
      Net frequency[5]: 22 loads
      Net frequency[6]: 22 loads
      Net frequency[7]: 22 loads
      Net frequency[4]: 20 loads
      Net frequency[8]: 20 loads





   Number of warnings:  0
   Number of criticals: 0
   Number of errors:    0

Design Errors/Criticals/Warnings
--------------------------------

   No error, critical, or warning presents.

IO (PIO) Attributes
-------------------

+---------------------+-----------+-----------+-------+-------+-----------+
| IO Name             | Direction | Levelmode |  IO   |  IO   | Special   |
|                     |           |  IO_TYPE  |  REG  |  DDR  | IO Buffer |
+---------------------+-----------+-----------+-------+-------+-----------+
| d[3]                | OUTPUT    |           |       |       |           |
+---------------------+-----------+-----------+-------+-------+-----------+
| d[4]                | OUTPUT    |           |       |       |           |
+---------------------+-----------+-----------+-------+-------+-----------+
| d[5]                | OUTPUT    |           |       |       |           |
+---------------------+-----------+-----------+-------+-------+-----------+
| d[6]                | OUTPUT    |           |       |       |           |
+---------------------+-----------+-----------+-------+-------+-----------+
| d[7]                | OUTPUT    |           |       |       |           |
+---------------------+-----------+-----------+-------+-------+-----------+
| sdi                 | INPUT     |           | I     |       |           |
+---------------------+-----------+-----------+-------+-------+-----------+
| cs                  | INPUT     |           |       |       |           |
+---------------------+-----------+-----------+-------+-------+-----------+
| sclk                | INPUT     |           |       |       |           |
+---------------------+-----------+-----------+-------+-------+-----------+
| reset               | INPUT     |           |       |       |           |
+---------------------+-----------+-----------+-------+-------+-----------+
| laD7_P37            | OUTPUT    |           |       |       |           |

                                    Page 2





IO (PIO) Attributes (cont)
--------------------------
+---------------------+-----------+-----------+-------+-------+-----------+
| laD6_P43            | OUTPUT    |           |       |       |           |
+---------------------+-----------+-----------+-------+-------+-----------+
| laD5_P36            | OUTPUT    |           |       |       |           |
+---------------------+-----------+-----------+-------+-------+-----------+
| led6_PA10           | OUTPUT    |           |       |       |           |
+---------------------+-----------+-----------+-------+-------+-----------+
| led5_PA9            | OUTPUT    |           |       |       |           |
+---------------------+-----------+-----------+-------+-------+-----------+
| led4_PA6            | OUTPUT    |           |       |       |           |
+---------------------+-----------+-----------+-------+-------+-----------+
| led2_P42            | OUTPUT    |           |       |       |           |
+---------------------+-----------+-----------+-------+-------+-----------+
| led1_P38            | OUTPUT    |           |       |       |           |
+---------------------+-----------+-----------+-------+-------+-----------+
| led0_P28            | OUTPUT    |           |       |       |           |
+---------------------+-----------+-----------+-------+-------+-----------+
| rs                  | OUTPUT    |           |       |       |           |
+---------------------+-----------+-----------+-------+-------+-----------+
| e                   | OUTPUT    |           |       |       |           |
+---------------------+-----------+-----------+-------+-------+-----------+
| d[0]                | OUTPUT    |           |       |       |           |
+---------------------+-----------+-----------+-------+-------+-----------+
| d[1]                | OUTPUT    |           |       |       |           |
+---------------------+-----------+-----------+-------+-------+-----------+
| d[2]                | OUTPUT    |           |       |       |           |
+---------------------+-----------+-----------+-------+-------+-----------+

OSC Summary
-----------

OSC 1:                                 Pin/Node Value
  OSC Instance Name:                            hf_osc
  Power UP:                            NODE     VCC_net
  Enable Signal:                       NODE     VCC_net
  OSC Output:                          NODE     int_osc
  DIV Setting:                                  00

ASIC Components
---------------

Instance Name: hf_osc
         Type: HFOSC
Instance Name: lcdSPICall/raw_freq_i0
         Type: IOLOGIC

Constraint Summary
------------------

   Total number of constraints: 24
   Total number of constraints dropped: 0

Run Time and Memory Usage
-------------------------

   Total CPU Time: 0 secs
   Total REAL Time: 0 secs

                                    Page 3





Run Time and Memory Usage (cont)
--------------------------------
   Peak Memory Usage: 70 MB
Checksum -- map: 9484fedd76ad4121cec3d0c1f8299046ddb0526
























































                                    Page 4


Copyright (c) 1991-1994 by NeoCAD Inc. All rights reserved.
Copyright (c) 1995
     AT&T Corp.   All rights reserved.
Copyright (c) 1995-2001 Lucent
     Technologies Inc.  All rights reserved.
Copyright (c) 2001 Agere Systems
     All rights reserved.
Copyright (c) 2002-2024 Lattice Semiconductor
     Corporation,  All rights reserved.
